<?xml version='1.0' encoding='UTF-8'?>
<testsuite hostname="faris-WRTB-WXX9" name="FunctionalSpec" tests="4" errors="0" failures="0" skipped="0" time="0.066" timestamp="2020-11-03T21:13:22">
                     <properties>
      <property name="java.specification.version" value="14"/><property name="sun.jnu.encoding" value="UTF-8"/><property name="sun.arch.data.model" value="64"/><property name="sbt.supershell" value="false"/><property name="java.vendor.url" value="https://java.oracle.com/"/><property name="sun.boot.library.path" value="/home/faris/.jdks/openjdk-14.0.1-1/lib"/><property name="sun.java.command" value="/home/faris/.local/share/JetBrains/IntelliJIdea2020.2/Scala/launcher/sbt-launch.jar early(addPluginSbtFile=&quot;&quot;&quot;/tmp/idea.sbt&quot;&quot;&quot;) ; set ideaPort in Global := 40217 ; idea-shell"/><property name="jdk.debug" value="release"/><property name="java.specification.vendor" value="Oracle Corporation"/><property name="java.version.date" value="2020-04-14"/><property name="java.home" value="/home/faris/.jdks/openjdk-14.0.1-1"/><property name="file.separator" value="/"/><property name="java.vm.compressedOopsMode" value="32-bit"/><property name="line.separator" value="
"/><property name="java.vm.specification.vendor" value="Oracle Corporation"/><property name="java.specification.name" value="Java Platform API Specification"/><property name="sun.management.compiler" value="HotSpot 64-Bit Tiered Compilers"/><property name="java.runtime.version" value="14.0.1+7"/><property name="user.name" value="faris"/><property name="log4j.ignoreTCL" value="true"/><property name="file.encoding" value="UTF-8"/><property name="java.io.tmpdir" value="/tmp"/><property name="java.version" value="14.0.1"/><property name="java.vm.specification.name" value="Java Virtual Machine Specification"/><property name="java.library.path" value="/usr/java/packages/lib:/usr/lib64:/lib64:/lib:/usr/lib"/><property name="java.vendor" value="Oracle Corporation"/><property name="sun.io.unicode.encoding" value="UnicodeLittle"/><property name="java.class.path" value="/home/faris/.local/share/JetBrains/IntelliJIdea2020.2/Scala/launcher/sbt-launch.jar"/><property name="java.vm.vendor" value="Oracle Corporation"/><property name="jline.shutdownhook" value="false"/><property name="user.timezone" value="Europe/Paris"/><property name="java.vm.specification.version" value="14"/><property name="os.name" value="Linux"/><property name="sun.java.launcher" value="SUN_STANDARD"/><property name="user.country" value="US"/><property name="sun.cpu.endian" value="little"/><property name="user.home" value="/home/faris"/><property name="user.language" value="en"/><property name="sbt.version" value="1.3.13"/><property name="swoval.tmpdir" value="/home/faris/.sbt/1.0"/><property name="jline.esc.timeout" value="0"/><property name="path.separator" value=":"/><property name="os.version" value="5.4.0-52-generic"/><property name="jna.nosys" value="true"/><property name="java.runtime.name" value="OpenJDK Runtime Environment"/><property name="java.vm.name" value="OpenJDK 64-Bit Server VM"/><property name="java.vendor.url.bug" value="https://bugreport.java.com/bugreport/"/><property name="user.dir" value="/home/faris/IdeaProjects/play-samples-play-scala-starter-example"/><property name="os.arch" value="amd64"/><property name="idea.managed" value="true"/><property name="java.vm.info" value="mixed mode, sharing"/><property name="java.vm.version" value="14.0.1+7"/><property name="java.class.version" value="58.0"/>
    </properties>
                     <testcase classname="FunctionalSpec" name="Routes should send 404 on a bad request" time="0.039">
                                                 
                                               </testcase><testcase classname="FunctionalSpec" name="Routes should send 200 on a good request" time="0.01">
                                                 
                                               </testcase><testcase classname="FunctionalSpec" name="HomeController should render the index page" time="0.007">
                                                 
                                               </testcase><testcase classname="FunctionalSpec" name="CountController should return an increasing count" time="0.01">
                                                 
                                               </testcase>
                     <system-out><![CDATA[]]></system-out>
                     <system-err><![CDATA[]]></system-err>
                   </testsuite>